<?xml version="1.0" encoding="UTF-8"?>
<testsuite xmlns:xsi="http://www.w3.org/2001/XMLSchema-instance" xsi:noNamespaceSchemaLocation="https://maven.apache.org/surefire/maven-surefire-plugin/xsd/surefire-test-report.xsd" name="ManualTests" time="0.509" tests="5" errors="0" skipped="0" failures="0">
  <properties>
[...]
</properties>
  <testcase name="whenNativeHelloWorld_thenOutputIsAsExpected" classname="ManualTests" time="0.446"/>
  <testcase name="whenCreatingNativeObject_thenObjectIsNotNullAndHasCorrectData" classname="ManualTests" time="0.012"/>
  <testcase name="whenNativeCallingObjectMethod_thenResultIsAsExpected" classname="ManualTests" time="0.004"/>
  <testcase name="whenSayingNativeHelloToMe_thenResultIsAsExpected" classname="ManualTests" time="0.004"/>
  <testcase name="whenSumNative_thenResultIsArithmeticallyCorrect" classname="ManualTests" time="0.004"/>
</testsuite>